TN:
SF:src\App.js
FN:8,(anonymous_0)
FN:12,(anonymous_1)
FN:14,(anonymous_2)
FN:19,(anonymous_3)
FN:24,(anonymous_4)
FNF:5
FNH:2
FNDA:1,(anonymous_0)
FNDA:0,(anonymous_1)
FNDA:0,(anonymous_2)
FNDA:1,(anonymous_3)
FNDA:0,(anonymous_4)
DA:6,1
DA:10,1
DA:11,1
DA:12,1
DA:13,0
DA:15,0
DA:20,1
DA:25,0
LF:8
LH:5
BRF:0
BRH:0
end_of_record
TN:
SF:src\dataService.js
FN:4,(anonymous_0)
FNF:1
FNH:1
FNDA:2,(anonymous_0)
DA:5,2
DA:6,2
LF:2
LH:2
BRF:0
BRH:0
end_of_record
TN:
SF:src\index.js
FNF:0
FNH:0
DA:6,0
LF:1
LH:0
BRF:0
BRH:0
end_of_record
